    OpenRGB v0.9
    Commit:  from 
    Launched: 20240131_225436
====================================================================================================

1001  |Info:    ------------------------------------------------------
1001  |Info:    |               Start device detection               |
1001  |Info:    ------------------------------------------------------
1001  |Info:    Initializing HID interfaces: Success
1004  |Info:    ------------------------------------------------------
1004  |Info:    |             Detecting I2C interfaces               |
1004  |Info:    ------------------------------------------------------
1005  |Info:    Registering I2C interface: /dev/i2c-3 Device 1002:73FF Subsystem: 1EAE:6505
1005  |Warning: [i2c_smbus_linux] Failed to read i2c device PCI device ID
1005  |Info:    Registering I2C interface: /dev/i2c-10 Device 0000:0000 Subsystem: 0000:0000
1005  |Info:    Registering I2C interface: /dev/i2c-1 Device 0000:0000 Subsystem: 0000:0000
1005  |Warning: [i2c_smbus_linux] Failed to read i2c device PCI device ID
1005  |Info:    Registering I2C interface: /dev/i2c-17 Device 0000:0000 Subsystem: 0000:0000
1005  |Warning: [i2c_smbus_linux] Failed to read i2c device PCI device ID
1005  |Info:    Registering I2C interface: /dev/i2c-8 Device 0000:0000 Subsystem: 0000:0000
1005  |Warning: [i2c_smbus_linux] Failed to read i2c device PCI device ID
1005  |Info:    Registering I2C interface: /dev/i2c-15 Device 0000:0000 Subsystem: 0000:0000
1005  |Info:    Registering I2C interface: /dev/i2c-6 Device 1002:73FF Subsystem: 1EAE:6505
1005  |Info:    Registering I2C interface: /dev/i2c-13 Device 1002:164E Subsystem: 1458:D000
1005  |Info:    Registering I2C interface: /dev/i2c-4 Device 1002:73FF Subsystem: 1EAE:6505
1005  |Info:    Registering I2C interface: /dev/i2c-11 Device 1002:164E Subsystem: 1458:D000
1006  |Info:    Registering I2C interface: /dev/i2c-2 Device 1002:73FF Subsystem: 1EAE:6505
1006  |Info:    Registering I2C interface: /dev/i2c-0 Device 0000:0000 Subsystem: 0000:0000
1006  |Warning: [i2c_smbus_linux] Failed to read i2c device PCI device ID
1006  |Info:    Registering I2C interface: /dev/i2c-9 Device 0000:0000 Subsystem: 0000:0000
1006  |Warning: [i2c_smbus_linux] Failed to read i2c device PCI device ID
1006  |Info:    Registering I2C interface: /dev/i2c-16 Device 0000:0000 Subsystem: 0000:0000
1006  |Info:    Registering I2C interface: /dev/i2c-7 Device 1002:73FF Subsystem: 1EAE:6505
1006  |Info:    Registering I2C interface: /dev/i2c-14 Device 1002:164E Subsystem: 1458:D000
1006  |Info:    Registering I2C interface: /dev/i2c-5 Device 1002:73FF Subsystem: 1EAE:6505
1006  |Info:    Registering I2C interface: /dev/i2c-12 Device 1002:164E Subsystem: 1458:D000
1006  |Info:    ------------------------------------------------------
1006  |Info:    |               Detecting I2C devices                |
1006  |Info:    ------------------------------------------------------
1037  |Info:    ------------------------------------------------------
1037  |Info:    |               Detecting I2C PCI devices            |
1037  |Info:    ------------------------------------------------------
1038  |Info:    ------------------------------------------------------
1038  |Info:    |               Detecting HID devices                |
1038  |Info:    ------------------------------------------------------
1216  |Info:    [B650 AORUS ELITE AX ICE] Registering RGB controller
1216  |Info:    ------------------------------------------------------
1216  |Info:    |            Detecting libusb HID devices            |
1216  |Info:    ------------------------------------------------------
1233  |Info:    ------------------------------------------------------
1233  |Info:    |              Detecting other devices               |
1233  |Info:    ------------------------------------------------------
1239  |Info:    ------------------------------------------------------
1239  |Info:    |                Detection completed                 |
1239  |Info:    ------------------------------------------------------
6265  |Info:    ------------------------------------------------------
6265  |Info:    |               Start device detection               |
6265  |Info:    ------------------------------------------------------
6265  |Info:    Initializing HID interfaces: Success
6267  |Info:    ------------------------------------------------------
6267  |Info:    |             Detecting I2C interfaces               |
6267  |Info:    ------------------------------------------------------
6267  |Info:    Registering I2C interface: /dev/i2c-3 Device 1002:73FF Subsystem: 1EAE:6505
6268  |Warning: [i2c_smbus_linux] Failed to read i2c device PCI device ID
6268  |Info:    Registering I2C interface: /dev/i2c-10 Device 0000:0000 Subsystem: 0000:0000
6268  |Info:    Registering I2C interface: /dev/i2c-1 Device 0000:0000 Subsystem: 0000:0000
6268  |Warning: [i2c_smbus_linux] Failed to read i2c device PCI device ID
6268  |Info:    Registering I2C interface: /dev/i2c-17 Device 0000:0000 Subsystem: 0000:0000
6268  |Warning: [i2c_smbus_linux] Failed to read i2c device PCI device ID
6268  |Info:    Registering I2C interface: /dev/i2c-8 Device 0000:0000 Subsystem: 0000:0000
6268  |Warning: [i2c_smbus_linux] Failed to read i2c device PCI device ID
6268  |Info:    Registering I2C interface: /dev/i2c-15 Device 0000:0000 Subsystem: 0000:0000
6268  |Info:    Registering I2C interface: /dev/i2c-6 Device 1002:73FF Subsystem: 1EAE:6505
6268  |Info:    Registering I2C interface: /dev/i2c-13 Device 1002:164E Subsystem: 1458:D000
6268  |Info:    Registering I2C interface: /dev/i2c-4 Device 1002:73FF Subsystem: 1EAE:6505
6268  |Info:    Registering I2C interface: /dev/i2c-11 Device 1002:164E Subsystem: 1458:D000
6268  |Info:    Registering I2C interface: /dev/i2c-2 Device 1002:73FF Subsystem: 1EAE:6505
6268  |Info:    Registering I2C interface: /dev/i2c-0 Device 0000:0000 Subsystem: 0000:0000
6268  |Warning: [i2c_smbus_linux] Failed to read i2c device PCI device ID
6268  |Info:    Registering I2C interface: /dev/i2c-9 Device 0000:0000 Subsystem: 0000:0000
6268  |Warning: [i2c_smbus_linux] Failed to read i2c device PCI device ID
6268  |Info:    Registering I2C interface: /dev/i2c-16 Device 0000:0000 Subsystem: 0000:0000
6268  |Info:    Registering I2C interface: /dev/i2c-7 Device 1002:73FF Subsystem: 1EAE:6505
6268  |Info:    Registering I2C interface: /dev/i2c-14 Device 1002:164E Subsystem: 1458:D000
6268  |Info:    Registering I2C interface: /dev/i2c-5 Device 1002:73FF Subsystem: 1EAE:6505
6269  |Info:    Registering I2C interface: /dev/i2c-12 Device 1002:164E Subsystem: 1458:D000
6269  |Info:    ------------------------------------------------------
6269  |Info:    |               Detecting I2C devices                |
6269  |Info:    ------------------------------------------------------
6300  |Info:    ------------------------------------------------------
6300  |Info:    |               Detecting I2C PCI devices            |
6300  |Info:    ------------------------------------------------------
6301  |Info:    ------------------------------------------------------
6301  |Info:    |               Detecting HID devices                |
6301  |Info:    ------------------------------------------------------
6475  |Info:    [B650 AORUS ELITE AX ICE] Registering RGB controller
6475  |Info:    ------------------------------------------------------
6475  |Info:    |            Detecting libusb HID devices            |
6475  |Info:    ------------------------------------------------------
6487  |Info:    ------------------------------------------------------
6487  |Info:    |              Detecting other devices               |
6487  |Info:    ------------------------------------------------------
6487  |Info:    ------------------------------------------------------
6487  |Info:    |                Detection completed                 |
6487  |Info:    ------------------------------------------------------
