    OpenRGB v0.9
    Commit:  from 
    Launched: 20240219_110252
====================================================================================================

0     |Info:    Found file: blanco.orp attempting to validate header
0     |Info:    Valid v4 profile found for blanco
0     |Info:    Found file: amarillito.orp attempting to validate header
0     |Info:    Valid v4 profile found for amarillito
0     |Info:    Found file: naranjito.orp attempting to validate header
0     |Info:    Valid v4 profile found for naranjito
1001  |Info:    ------------------------------------------------------
1001  |Info:    |               Start device detection               |
1001  |Info:    ------------------------------------------------------
1001  |Info:    Initializing HID interfaces: Success
1006  |Info:    ------------------------------------------------------
1006  |Info:    |             Detecting I2C interfaces               |
1006  |Info:    ------------------------------------------------------
1006  |Info:    Registering I2C interface: /dev/i2c-3 Device 1022:790B Subsystem: 1458:5001
1007  |Warning: [i2c_smbus_linux] Failed to read i2c device PCI device ID
1007  |Info:    Registering I2C interface: /dev/i2c-20 Device 0000:0000 Subsystem: 0000:0000
1007  |Info:    Registering I2C interface: /dev/i2c-10 Device 1002:73FF Subsystem: 1EAE:6505
1007  |Info:    Registering I2C interface: /dev/i2c-1 Device 0000:0000 Subsystem: 0000:0000
1007  |Warning: [i2c_smbus_linux] Failed to read i2c device PCI device ID
1007  |Info:    Registering I2C interface: /dev/i2c-19 Device 0000:0000 Subsystem: 0000:0000
1007  |Info:    Registering I2C interface: /dev/i2c-17 Device 1002:164E Subsystem: 1458:D000
1007  |Info:    Registering I2C interface: /dev/i2c-8 Device 1002:73FF Subsystem: 1EAE:6505
1007  |Info:    Registering I2C interface: /dev/i2c-15 Device 1002:164E Subsystem: 1458:D000
1007  |Info:    Registering I2C interface: /dev/i2c-6 Device 1002:73FF Subsystem: 1EAE:6505
1007  |Warning: [i2c_smbus_linux] Failed to read i2c device PCI device ID
1007  |Info:    Registering I2C interface: /dev/i2c-13 Device 0000:0000 Subsystem: 0000:0000
1007  |Info:    Registering I2C interface: /dev/i2c-4 Device 1022:790B Subsystem: 1458:5001
1007  |Warning: [i2c_smbus_linux] Failed to read i2c device PCI device ID
1007  |Info:    Registering I2C interface: /dev/i2c-11 Device 0000:0000 Subsystem: 0000:0000
1007  |Info:    Registering I2C interface: /dev/i2c-2 Device 1022:790B Subsystem: 1458:5001
1007  |Info:    Registering I2C interface: /dev/i2c-0 Device 0000:0000 Subsystem: 0000:0000
1007  |Warning: [i2c_smbus_linux] Failed to read i2c device PCI device ID
1007  |Info:    Registering I2C interface: /dev/i2c-18 Device 0000:0000 Subsystem: 0000:0000
1007  |Info:    Registering I2C interface: /dev/i2c-9 Device 1002:73FF Subsystem: 1EAE:6505
1007  |Info:    Registering I2C interface: /dev/i2c-16 Device 1002:164E Subsystem: 1458:D000
1008  |Info:    Registering I2C interface: /dev/i2c-7 Device 1002:73FF Subsystem: 1EAE:6505
1008  |Info:    Registering I2C interface: /dev/i2c-14 Device 1002:164E Subsystem: 1458:D000
1008  |Info:    Registering I2C interface: /dev/i2c-5 Device 1002:73FF Subsystem: 1EAE:6505
1008  |Warning: [i2c_smbus_linux] Failed to read i2c device PCI device ID
1008  |Info:    Registering I2C interface: /dev/i2c-12 Device 0000:0000 Subsystem: 0000:0000
1008  |Info:    ------------------------------------------------------
1008  |Info:    |               Detecting I2C devices                |
1008  |Info:    ------------------------------------------------------
1981  |Info:    [Corsair Dominator Platinum] Registering RGB controller
2004  |Info:    [Corsair Dominator Platinum] Registering RGB controller
2056  |Info:    ------------------------------------------------------
2056  |Info:    |               Detecting I2C PCI devices            |
2056  |Info:    ------------------------------------------------------
2057  |Info:    ------------------------------------------------------
2057  |Info:    |               Detecting HID devices                |
2057  |Info:    ------------------------------------------------------
2236  |Info:    [B650 AORUS ELITE AX ICE] Registering RGB controller
2290  |Info:    [Lian Li Uni Hub - SL V2] Registering RGB controller
2290  |Info:    ------------------------------------------------------
2290  |Info:    |            Detecting libusb HID devices            |
2290  |Info:    ------------------------------------------------------
2328  |Info:    ------------------------------------------------------
2328  |Info:    |              Detecting other devices               |
2328  |Info:    ------------------------------------------------------
2335  |Info:    ------------------------------------------------------
2335  |Info:    |                Detection completed                 |
2335  |Info:    ------------------------------------------------------
137982|Info:    Found file: blanco.orp attempting to validate header
137982|Info:    Valid v4 profile found for blanco
137982|Info:    Found file: amarillito.orp attempting to validate header
137982|Info:    Valid v4 profile found for amarillito
137982|Info:    Found file: naranjito.orp attempting to validate header
137982|Info:    Valid v4 profile found for naranjito
281817|Info:    Found file: blanco.orp attempting to validate header
281817|Info:    Valid v4 profile found for blanco
281817|Info:    Found file: amarillito.orp attempting to validate header
281817|Info:    Valid v4 profile found for amarillito
281817|Info:    Found file: naranjito.orp attempting to validate header
281817|Info:    Valid v4 profile found for naranjito
286281|Info:    Found file: blanco.orp attempting to validate header
286281|Info:    Valid v4 profile found for blanco
286281|Info:    Found file: amarillito.orp attempting to validate header
286281|Info:    Valid v4 profile found for amarillito
286281|Info:    Found file: naranjito.orp attempting to validate header
286281|Info:    Valid v4 profile found for naranjito
296964|Info:    Profile loading: FAILED! for Corsair Dominator Platinum @ I2C: /dev/i2c-2, address 0x19
296964|Info:    Profile loading: FAILED! for Corsair Dominator Platinum @ I2C: /dev/i2c-2, address 0x1B
296964|Info:    Profile loading: Succeeded for B650 AORUS ELITE AX ICE @ HID: /dev/hidraw7
296964|Info:    Profile loading: Succeeded for Lian Li Uni Hub - SL V2 @ HID: /dev/hidraw8
306640|Info:    Profile loading: FAILED! for Corsair Dominator Platinum @ I2C: /dev/i2c-2, address 0x19
306640|Info:    Profile loading: FAILED! for Corsair Dominator Platinum @ I2C: /dev/i2c-2, address 0x1B
306640|Info:    Profile loading: Succeeded for B650 AORUS ELITE AX ICE @ HID: /dev/hidraw7
306640|Info:    Profile loading: FAILED! for Lian Li Uni Hub - SL V2 @ HID: /dev/hidraw8
318918|Info:    Profile loading: Succeeded for Corsair Dominator Platinum @ I2C: /dev/i2c-2, address 0x19
318918|Info:    Profile loading: Succeeded for Corsair Dominator Platinum @ I2C: /dev/i2c-2, address 0x1B
318918|Info:    Profile loading: Succeeded for B650 AORUS ELITE AX ICE @ HID: /dev/hidraw7
318918|Info:    Profile loading: Succeeded for Lian Li Uni Hub - SL V2 @ HID: /dev/hidraw8
