    OpenRGB v0.9
    Commit:  from 
    Launched: 20240211_220856
====================================================================================================

0     |Info:    Found file: blanco.orp attempting to validate header
0     |Info:    Valid v4 profile found for blanco
0     |Info:    Found file: amarillito.orp attempting to validate header
0     |Info:    Valid v4 profile found for amarillito
0     |Info:    Found file: test.orp attempting to validate header
0     |Info:    Valid v4 profile found for test
0     |Info:    Found file: naranjito.orp attempting to validate header
0     |Info:    Valid v4 profile found for naranjito
1013  |Info:    ------------------------------------------------------
1013  |Info:    |               Start device detection               |
1013  |Info:    ------------------------------------------------------
1013  |Info:    Initializing HID interfaces: Success
1019  |Info:    ------------------------------------------------------
1019  |Info:    |             Detecting I2C interfaces               |
1019  |Info:    ------------------------------------------------------
1019  |Info:    Registering I2C interface: /dev/i2c-3 Device 1002:73FF Subsystem: 1EAE:6505
1020  |Warning: [i2c_smbus_linux] Failed to read i2c device PCI device ID
1020  |Info:    Registering I2C interface: /dev/i2c-10 Device 0000:0000 Subsystem: 0000:0000
1020  |Info:    Registering I2C interface: /dev/i2c-1 Device 0000:0000 Subsystem: 0000:0000
1020  |Warning: [i2c_smbus_linux] Failed to read i2c device PCI device ID
1020  |Info:    Registering I2C interface: /dev/i2c-17 Device 0000:0000 Subsystem: 0000:0000
1020  |Warning: [i2c_smbus_linux] Failed to read i2c device PCI device ID
1020  |Info:    Registering I2C interface: /dev/i2c-8 Device 0000:0000 Subsystem: 0000:0000
1020  |Warning: [i2c_smbus_linux] Failed to read i2c device PCI device ID
1020  |Info:    Registering I2C interface: /dev/i2c-15 Device 0000:0000 Subsystem: 0000:0000
1020  |Info:    Registering I2C interface: /dev/i2c-6 Device 1002:73FF Subsystem: 1EAE:6505
1020  |Info:    Registering I2C interface: /dev/i2c-13 Device 1002:164E Subsystem: 1458:D000
1020  |Info:    Registering I2C interface: /dev/i2c-4 Device 1002:73FF Subsystem: 1EAE:6505
1020  |Info:    Registering I2C interface: /dev/i2c-11 Device 1002:164E Subsystem: 1458:D000
1020  |Info:    Registering I2C interface: /dev/i2c-2 Device 1002:73FF Subsystem: 1EAE:6505
1020  |Info:    Registering I2C interface: /dev/i2c-0 Device 0000:0000 Subsystem: 0000:0000
1020  |Warning: [i2c_smbus_linux] Failed to read i2c device PCI device ID
1020  |Info:    Registering I2C interface: /dev/i2c-9 Device 0000:0000 Subsystem: 0000:0000
1020  |Warning: [i2c_smbus_linux] Failed to read i2c device PCI device ID
1021  |Info:    Registering I2C interface: /dev/i2c-16 Device 0000:0000 Subsystem: 0000:0000
1021  |Info:    Registering I2C interface: /dev/i2c-7 Device 1002:73FF Subsystem: 1EAE:6505
1021  |Info:    Registering I2C interface: /dev/i2c-14 Device 1002:164E Subsystem: 1458:D000
1021  |Info:    Registering I2C interface: /dev/i2c-5 Device 1002:73FF Subsystem: 1EAE:6505
1021  |Info:    Registering I2C interface: /dev/i2c-12 Device 1002:164E Subsystem: 1458:D000
1021  |Info:    ------------------------------------------------------
1021  |Info:    |               Detecting I2C devices                |
1021  |Info:    ------------------------------------------------------
1054  |Info:    ------------------------------------------------------
1054  |Info:    |               Detecting I2C PCI devices            |
1054  |Info:    ------------------------------------------------------
1054  |Info:    ------------------------------------------------------
1054  |Info:    |               Detecting HID devices                |
1054  |Info:    ------------------------------------------------------
1234  |Info:    [B650 AORUS ELITE AX ICE] Registering RGB controller
1234  |Info:    [Sony DualSense (BT)] Registering RGB controller
1234  |Info:    ------------------------------------------------------
1234  |Info:    |            Detecting libusb HID devices            |
1234  |Info:    ------------------------------------------------------
1253  |Info:    ------------------------------------------------------
1253  |Info:    |              Detecting other devices               |
1253  |Info:    ------------------------------------------------------
1262  |Info:    ------------------------------------------------------
1262  |Info:    |                Detection completed                 |
1262  |Info:    ------------------------------------------------------
5307  |Info:    Profile loading: Succeeded for B650 AORUS ELITE AX ICE @ HID: /dev/hidraw3
5307  |Info:    Profile loading: FAILED! for Sony DualSense (BT) @ HID: /dev/hidraw0
