    OpenRGB v0.9
    Commit:  from 
    Launched: 20240405_001706
====================================================================================================

0     |Info:    Found file: rosadito.orp attempting to validate header
0     |Info:    Valid v4 profile found for rosadito
0     |Info:    Found file: blanco.orp attempting to validate header
0     |Info:    Valid v4 profile found for blanco
0     |Info:    Found file: amarillito.orp attempting to validate header
0     |Info:    Valid v4 profile found for amarillito
0     |Info:    Found file: stacy.orp attempting to validate header
0     |Info:    Valid v4 profile found for stacy
0     |Info:    Found file: apagap.orp attempting to validate header
0     |Info:    Valid v4 profile found for apagap
0     |Info:    Found file: naranjito.orp attempting to validate header
0     |Info:    Valid v4 profile found for naranjito
1007  |Info:    ------------------------------------------------------
1007  |Info:    |               Start device detection               |
1007  |Info:    ------------------------------------------------------
1007  |Info:    Initializing HID interfaces: Success
1012  |Info:    ------------------------------------------------------
1012  |Info:    |             Detecting I2C interfaces               |
1012  |Info:    ------------------------------------------------------
1013  |Info:    Registering I2C interface: /dev/i2c-3 Device 1022:790B Subsystem: 1458:5001
1013  |Warning: [i2c_smbus_linux] Failed to read i2c device PCI device ID
1013  |Info:    Registering I2C interface: /dev/i2c-20 Device 0000:0000 Subsystem: 0000:0000
1013  |Info:    Registering I2C interface: /dev/i2c-10 Device 1002:73FF Subsystem: 1EAE:6505
1013  |Info:    Registering I2C interface: /dev/i2c-1 Device 0000:0000 Subsystem: 0000:0000
1013  |Warning: [i2c_smbus_linux] Failed to read i2c device PCI device ID
1013  |Info:    Registering I2C interface: /dev/i2c-19 Device 0000:0000 Subsystem: 0000:0000
1013  |Info:    Registering I2C interface: /dev/i2c-17 Device 1002:164E Subsystem: 1458:D000
1013  |Info:    Registering I2C interface: /dev/i2c-8 Device 1002:73FF Subsystem: 1EAE:6505
1013  |Info:    Registering I2C interface: /dev/i2c-15 Device 1002:164E Subsystem: 1458:D000
1013  |Info:    Registering I2C interface: /dev/i2c-6 Device 1002:73FF Subsystem: 1EAE:6505
1013  |Warning: [i2c_smbus_linux] Failed to read i2c device PCI device ID
1013  |Info:    Registering I2C interface: /dev/i2c-13 Device 0000:0000 Subsystem: 0000:0000
1013  |Info:    Registering I2C interface: /dev/i2c-4 Device 1022:790B Subsystem: 1458:5001
1013  |Warning: [i2c_smbus_linux] Failed to read i2c device PCI device ID
1013  |Info:    Registering I2C interface: /dev/i2c-11 Device 0000:0000 Subsystem: 0000:0000
1013  |Info:    Registering I2C interface: /dev/i2c-2 Device 1022:790B Subsystem: 1458:5001
1013  |Info:    Registering I2C interface: /dev/i2c-0 Device 0000:0000 Subsystem: 0000:0000
1013  |Warning: [i2c_smbus_linux] Failed to read i2c device PCI device ID
1013  |Info:    Registering I2C interface: /dev/i2c-18 Device 0000:0000 Subsystem: 0000:0000
1014  |Info:    Registering I2C interface: /dev/i2c-9 Device 1002:73FF Subsystem: 1EAE:6505
1014  |Info:    Registering I2C interface: /dev/i2c-16 Device 1002:164E Subsystem: 1458:D000
1014  |Info:    Registering I2C interface: /dev/i2c-7 Device 1002:73FF Subsystem: 1EAE:6505
1014  |Info:    Registering I2C interface: /dev/i2c-14 Device 1002:164E Subsystem: 1458:D000
1014  |Info:    Registering I2C interface: /dev/i2c-5 Device 1002:73FF Subsystem: 1EAE:6505
1014  |Warning: [i2c_smbus_linux] Failed to read i2c device PCI device ID
1014  |Info:    Registering I2C interface: /dev/i2c-12 Device 0000:0000 Subsystem: 0000:0000
1014  |Info:    ------------------------------------------------------
1014  |Info:    |               Detecting I2C devices                |
1014  |Info:    ------------------------------------------------------
2012  |Info:    [Corsair Dominator Platinum] Registering RGB controller
2035  |Info:    [Corsair Dominator Platinum] Registering RGB controller
2087  |Info:    ------------------------------------------------------
2087  |Info:    |               Detecting I2C PCI devices            |
2087  |Info:    ------------------------------------------------------
2088  |Info:    ------------------------------------------------------
2088  |Info:    |               Detecting HID devices                |
2088  |Info:    ------------------------------------------------------
2264  |Info:    [B650 AORUS ELITE AX ICE] Registering RGB controller
2327  |Info:    [Lian Li Uni Hub - SL V2] Registering RGB controller
2327  |Info:    ------------------------------------------------------
2327  |Info:    |            Detecting libusb HID devices            |
2327  |Info:    ------------------------------------------------------
2366  |Info:    ------------------------------------------------------
2366  |Info:    |              Detecting other devices               |
2366  |Info:    ------------------------------------------------------
2373  |Info:    ------------------------------------------------------
2373  |Info:    |                Detection completed                 |
2373  |Info:    ------------------------------------------------------
3937  |Info:    Profile loading: Succeeded for Corsair Dominator Platinum @ I2C: /dev/i2c-2, address 0x19
3937  |Info:    Profile loading: Succeeded for Corsair Dominator Platinum @ I2C: /dev/i2c-2, address 0x1B
3937  |Info:    Profile loading: Succeeded for B650 AORUS ELITE AX ICE @ HID: /dev/hidraw5
3937  |Info:    Profile loading: Succeeded for Lian Li Uni Hub - SL V2 @ HID: /dev/hidraw6
