    OpenRGB v0.9
    Commit:  from 
    Launched: 20240217_180941
====================================================================================================

0     |Info:    Found file: blanco.orp attempting to validate header
0     |Info:    Valid v4 profile found for blanco
0     |Info:    Found file: amarillito.orp attempting to validate header
0     |Info:    Valid v4 profile found for amarillito
0     |Info:    Found file: test.orp attempting to validate header
0     |Info:    Valid v4 profile found for test
0     |Info:    Found file: naranjito.orp attempting to validate header
0     |Info:    Valid v4 profile found for naranjito
1012  |Info:    ------------------------------------------------------
1012  |Info:    |               Start device detection               |
1012  |Info:    ------------------------------------------------------
1012  |Info:    Initializing HID interfaces: Success
1017  |Info:    ------------------------------------------------------
1017  |Info:    |             Detecting I2C interfaces               |
1017  |Info:    ------------------------------------------------------
1017  |Info:    Registering I2C interface: /dev/i2c-3 Device 1002:73FF Subsystem: 1EAE:6505
1017  |Warning: [i2c_smbus_linux] Failed to read i2c device PCI device ID
1017  |Info:    Registering I2C interface: /dev/i2c-10 Device 0000:0000 Subsystem: 0000:0000
1017  |Info:    Registering I2C interface: /dev/i2c-1 Device 0000:0000 Subsystem: 0000:0000
1017  |Warning: [i2c_smbus_linux] Failed to read i2c device PCI device ID
1017  |Info:    Registering I2C interface: /dev/i2c-17 Device 0000:0000 Subsystem: 0000:0000
1017  |Warning: [i2c_smbus_linux] Failed to read i2c device PCI device ID
1017  |Info:    Registering I2C interface: /dev/i2c-8 Device 0000:0000 Subsystem: 0000:0000
1017  |Warning: [i2c_smbus_linux] Failed to read i2c device PCI device ID
1017  |Info:    Registering I2C interface: /dev/i2c-15 Device 0000:0000 Subsystem: 0000:0000
1017  |Info:    Registering I2C interface: /dev/i2c-6 Device 1002:73FF Subsystem: 1EAE:6505
1017  |Info:    Registering I2C interface: /dev/i2c-13 Device 1002:164E Subsystem: 1458:D000
1017  |Info:    Registering I2C interface: /dev/i2c-4 Device 1002:73FF Subsystem: 1EAE:6505
1017  |Info:    Registering I2C interface: /dev/i2c-11 Device 1002:164E Subsystem: 1458:D000
1017  |Info:    Registering I2C interface: /dev/i2c-2 Device 1002:73FF Subsystem: 1EAE:6505
1017  |Info:    Registering I2C interface: /dev/i2c-0 Device 0000:0000 Subsystem: 0000:0000
1017  |Warning: [i2c_smbus_linux] Failed to read i2c device PCI device ID
1017  |Info:    Registering I2C interface: /dev/i2c-9 Device 0000:0000 Subsystem: 0000:0000
1017  |Warning: [i2c_smbus_linux] Failed to read i2c device PCI device ID
1017  |Info:    Registering I2C interface: /dev/i2c-16 Device 0000:0000 Subsystem: 0000:0000
1017  |Info:    Registering I2C interface: /dev/i2c-7 Device 1002:73FF Subsystem: 1EAE:6505
1018  |Info:    Registering I2C interface: /dev/i2c-14 Device 1002:164E Subsystem: 1458:D000
1018  |Info:    Registering I2C interface: /dev/i2c-5 Device 1002:73FF Subsystem: 1EAE:6505
1018  |Info:    Registering I2C interface: /dev/i2c-12 Device 1002:164E Subsystem: 1458:D000
1018  |Info:    ------------------------------------------------------
1018  |Info:    |               Detecting I2C devices                |
1018  |Info:    ------------------------------------------------------
1050  |Info:    ------------------------------------------------------
1050  |Info:    |               Detecting I2C PCI devices            |
1050  |Info:    ------------------------------------------------------
1051  |Info:    ------------------------------------------------------
1051  |Info:    |               Detecting HID devices                |
1051  |Info:    ------------------------------------------------------
1228  |Info:    [B650 AORUS ELITE AX ICE] Registering RGB controller
1291  |Info:    [Lian Li Uni Hub - SL V2] Registering RGB controller
1291  |Info:    ------------------------------------------------------
1291  |Info:    |            Detecting libusb HID devices            |
1291  |Info:    ------------------------------------------------------
1327  |Info:    ------------------------------------------------------
1327  |Info:    |              Detecting other devices               |
1327  |Info:    ------------------------------------------------------
1333  |Info:    ------------------------------------------------------
1333  |Info:    |                Detection completed                 |
1333  |Info:    ------------------------------------------------------
5233  |Info:    Profile loading: Succeeded for B650 AORUS ELITE AX ICE @ HID: /dev/hidraw5
5233  |Info:    Profile loading: FAILED! for Lian Li Uni Hub - SL V2 @ HID: /dev/hidraw6
11739 |Info:    Found file: blanco.orp attempting to validate header
11739 |Info:    Valid v4 profile found for blanco
11739 |Info:    Found file: amarillito.orp attempting to validate header
11739 |Info:    Valid v4 profile found for amarillito
11739 |Info:    Found file: test.orp attempting to validate header
11739 |Info:    Valid v4 profile found for test
11739 |Info:    Found file: naranjito.orp attempting to validate header
11739 |Info:    Valid v4 profile found for naranjito
14147 |Info:    Profile loading: Succeeded for B650 AORUS ELITE AX ICE @ HID: /dev/hidraw5
14147 |Info:    Profile loading: Succeeded for Lian Li Uni Hub - SL V2 @ HID: /dev/hidraw6
43613 |Info:    Profile loading: Succeeded for B650 AORUS ELITE AX ICE @ HID: /dev/hidraw5
43613 |Info:    Profile loading: Succeeded for Lian Li Uni Hub - SL V2 @ HID: /dev/hidraw6
