    OpenRGB v0.9
    Commit: b5f46e3f1de03595656c682fc2f068b66e735e63 from 2023-07-09 22:51:47 -0500
    Launched: 20240131_202634
====================================================================================================

1014  |Info:    ------------------------------------------------------
1014  |Info:    |               Start device detection               |
1014  |Info:    ------------------------------------------------------
1015  |Info:    Initializing HID interfaces: Success
1017  |Info:    ------------------------------------------------------
1017  |Info:    |             Detecting I2C interfaces               |
1017  |Info:    ------------------------------------------------------
1017  |Info:    Registering I2C interface: /dev/i2c-3 Device 1002:73FF Subsystem: 1EAE:6505
1017  |Info:    Registering I2C interface: /dev/i2c-1 Device 0000:0000 Subsystem: 0000:0000
1017  |Warning: [i2c_smbus_linux] Failed to read i2c device PCI device ID
1017  |Info:    Registering I2C interface: /dev/i2c-8 Device 0000:0000 Subsystem: 0000:0000
1017  |Info:    Registering I2C interface: /dev/i2c-6 Device 1002:73FF Subsystem: 1EAE:6505
1017  |Info:    Registering I2C interface: /dev/i2c-4 Device 1002:73FF Subsystem: 1EAE:6505
1017  |Info:    Registering I2C interface: /dev/i2c-2 Device 1002:73FF Subsystem: 1EAE:6505
1017  |Warning: [i2c_smbus_linux] Failed to read i2c device PCI device ID
1017  |Info:    Registering I2C interface: /dev/i2c-9 Device 0000:0000 Subsystem: 0000:0000
1018  |Info:    Registering I2C interface: /dev/i2c-7 Device 1002:73FF Subsystem: 1EAE:6505
1018  |Info:    Registering I2C interface: /dev/i2c-5 Device 1002:73FF Subsystem: 1EAE:6505
1018  |Info:    ------------------------------------------------------
1018  |Info:    |               Detecting I2C devices                |
1018  |Info:    ------------------------------------------------------
1028  |Info:    ------------------------------------------------------
1028  |Info:    |               Detecting I2C PCI devices            |
1028  |Info:    ------------------------------------------------------
1029  |Info:    ------------------------------------------------------
1029  |Info:    |               Detecting HID devices                |
1029  |Info:    ------------------------------------------------------
1205  |Info:    [B650 AORUS ELITE AX ICE] Registering RGB controller
1205  |Info:    ------------------------------------------------------
1205  |Info:    |            Detecting libusb HID devices            |
1205  |Info:    ------------------------------------------------------
1221  |Info:    ------------------------------------------------------
1221  |Info:    |              Detecting other devices               |
1221  |Info:    ------------------------------------------------------
1228  |Info:    ------------------------------------------------------
1228  |Info:    |                Detection completed                 |
1228  |Info:    ------------------------------------------------------
1228  |Dialog:  <h2>WARNING:</h2><p>The OpenRGB udev rules are not installed.</p><p>Most devices will not be available unless running OpenRGB as root.</p><p>If using AppImage, Flatpak, or self-compiled versions of OpenRGB you must install the udev rules manually</p><p>See <a href='https://openrgb.org/udev'>https://openrgb.org/udev</a> to install the udev rules manually</p>
16727 |Info:    ------------------------------------------------------
16727 |Info:    |               Start device detection               |
16727 |Info:    ------------------------------------------------------
16727 |Info:    Initializing HID interfaces: Success
16729 |Info:    ------------------------------------------------------
16729 |Info:    |             Detecting I2C interfaces               |
16729 |Info:    ------------------------------------------------------
16729 |Info:    Registering I2C interface: /dev/i2c-3 Device 1002:73FF Subsystem: 1EAE:6505
16729 |Info:    Registering I2C interface: /dev/i2c-1 Device 0000:0000 Subsystem: 0000:0000
16729 |Warning: [i2c_smbus_linux] Failed to read i2c device PCI device ID
16729 |Info:    Registering I2C interface: /dev/i2c-8 Device 0000:0000 Subsystem: 0000:0000
16729 |Info:    Registering I2C interface: /dev/i2c-6 Device 1002:73FF Subsystem: 1EAE:6505
16730 |Info:    Registering I2C interface: /dev/i2c-4 Device 1002:73FF Subsystem: 1EAE:6505
16730 |Info:    Registering I2C interface: /dev/i2c-2 Device 1002:73FF Subsystem: 1EAE:6505
16730 |Warning: [i2c_smbus_linux] Failed to read i2c device PCI device ID
16730 |Info:    Registering I2C interface: /dev/i2c-9 Device 0000:0000 Subsystem: 0000:0000
16730 |Info:    Registering I2C interface: /dev/i2c-7 Device 1002:73FF Subsystem: 1EAE:6505
16730 |Info:    Registering I2C interface: /dev/i2c-5 Device 1002:73FF Subsystem: 1EAE:6505
16730 |Info:    ------------------------------------------------------
16730 |Info:    |               Detecting I2C devices                |
16730 |Info:    ------------------------------------------------------
16739 |Info:    ------------------------------------------------------
16739 |Info:    |               Detecting I2C PCI devices            |
16739 |Info:    ------------------------------------------------------
16740 |Info:    ------------------------------------------------------
16740 |Info:    |               Detecting HID devices                |
16740 |Info:    ------------------------------------------------------
16920 |Info:    [B650 AORUS ELITE AX ICE] Registering RGB controller
16920 |Info:    ------------------------------------------------------
16920 |Info:    |            Detecting libusb HID devices            |
16920 |Info:    ------------------------------------------------------
16934 |Info:    ------------------------------------------------------
16934 |Info:    |              Detecting other devices               |
16934 |Info:    ------------------------------------------------------
16934 |Info:    ------------------------------------------------------
16934 |Info:    |                Detection completed                 |
16934 |Info:    ------------------------------------------------------
16934 |Dialog:  <h2>WARNING:</h2><p>The OpenRGB udev rules are not installed.</p><p>Most devices will not be available unless running OpenRGB as root.</p><p>If using AppImage, Flatpak, or self-compiled versions of OpenRGB you must install the udev rules manually</p><p>See <a href='https://openrgb.org/udev'>https://openrgb.org/udev</a> to install the udev rules manually</p>
145229|Info:    ------------------------------------------------------
145229|Info:    |               Start device detection               |
145229|Info:    ------------------------------------------------------
145229|Info:    Initializing HID interfaces: Success
145232|Info:    ------------------------------------------------------
145232|Info:    |             Detecting I2C interfaces               |
145232|Info:    ------------------------------------------------------
145232|Info:    Registering I2C interface: /dev/i2c-3 Device 1002:73FF Subsystem: 1EAE:6505
145232|Info:    Registering I2C interface: /dev/i2c-1 Device 0000:0000 Subsystem: 0000:0000
145232|Warning: [i2c_smbus_linux] Failed to read i2c device PCI device ID
145232|Info:    Registering I2C interface: /dev/i2c-8 Device 0000:0000 Subsystem: 0000:0000
145232|Info:    Registering I2C interface: /dev/i2c-6 Device 1002:73FF Subsystem: 1EAE:6505
145232|Info:    Registering I2C interface: /dev/i2c-4 Device 1002:73FF Subsystem: 1EAE:6505
145232|Info:    Registering I2C interface: /dev/i2c-2 Device 1002:73FF Subsystem: 1EAE:6505
145232|Warning: [i2c_smbus_linux] Failed to read i2c device PCI device ID
145232|Info:    Registering I2C interface: /dev/i2c-9 Device 0000:0000 Subsystem: 0000:0000
145232|Info:    Registering I2C interface: /dev/i2c-7 Device 1002:73FF Subsystem: 1EAE:6505
145232|Info:    Registering I2C interface: /dev/i2c-5 Device 1002:73FF Subsystem: 1EAE:6505
145232|Info:    ------------------------------------------------------
145232|Info:    |               Detecting I2C devices                |
145232|Info:    ------------------------------------------------------
145242|Info:    ------------------------------------------------------
145242|Info:    |               Detecting I2C PCI devices            |
145242|Info:    ------------------------------------------------------
145243|Info:    ------------------------------------------------------
145243|Info:    |               Detecting HID devices                |
145243|Info:    ------------------------------------------------------
145417|Info:    [B650 AORUS ELITE AX ICE] Registering RGB controller
145417|Info:    ------------------------------------------------------
145417|Info:    |            Detecting libusb HID devices            |
145417|Info:    ------------------------------------------------------
145428|Info:    ------------------------------------------------------
145428|Info:    |              Detecting other devices               |
145428|Info:    ------------------------------------------------------
145429|Info:    ------------------------------------------------------
145429|Info:    |                Detection completed                 |
145429|Info:    ------------------------------------------------------
145429|Dialog:  <h2>WARNING:</h2><p>The OpenRGB udev rules are not installed.</p><p>Most devices will not be available unless running OpenRGB as root.</p><p>If using AppImage, Flatpak, or self-compiled versions of OpenRGB you must install the udev rules manually</p><p>See <a href='https://openrgb.org/udev'>https://openrgb.org/udev</a> to install the udev rules manually</p>
