    OpenRGB v0.9
    Commit:  from 
    Launched: 20240201_182546
====================================================================================================

1001  |Info:    ------------------------------------------------------
1001  |Info:    |               Start device detection               |
1001  |Info:    ------------------------------------------------------
1001  |Info:    Initializing HID interfaces: Success
1003  |Info:    ------------------------------------------------------
1003  |Info:    |             Detecting I2C interfaces               |
1003  |Info:    ------------------------------------------------------
1003  |Info:    Registering I2C interface: /dev/i2c-3 Device 1002:73FF Subsystem: 1EAE:6505
1003  |Warning: [i2c_smbus_linux] Failed to read i2c device PCI device ID
1003  |Info:    Registering I2C interface: /dev/i2c-10 Device 0000:0000 Subsystem: 0000:0000
1003  |Info:    Registering I2C interface: /dev/i2c-1 Device 0000:0000 Subsystem: 0000:0000
1003  |Warning: [i2c_smbus_linux] Failed to read i2c device PCI device ID
1003  |Info:    Registering I2C interface: /dev/i2c-17 Device 0000:0000 Subsystem: 0000:0000
1003  |Warning: [i2c_smbus_linux] Failed to read i2c device PCI device ID
1003  |Info:    Registering I2C interface: /dev/i2c-8 Device 0000:0000 Subsystem: 0000:0000
1003  |Warning: [i2c_smbus_linux] Failed to read i2c device PCI device ID
1003  |Info:    Registering I2C interface: /dev/i2c-15 Device 0000:0000 Subsystem: 0000:0000
1003  |Info:    Registering I2C interface: /dev/i2c-6 Device 1002:73FF Subsystem: 1EAE:6505
1003  |Info:    Registering I2C interface: /dev/i2c-13 Device 1002:164E Subsystem: 1458:D000
1003  |Info:    Registering I2C interface: /dev/i2c-4 Device 1002:73FF Subsystem: 1EAE:6505
1003  |Info:    Registering I2C interface: /dev/i2c-11 Device 1002:164E Subsystem: 1458:D000
1003  |Info:    Registering I2C interface: /dev/i2c-2 Device 1002:73FF Subsystem: 1EAE:6505
1003  |Info:    Registering I2C interface: /dev/i2c-0 Device 0000:0000 Subsystem: 0000:0000
1004  |Warning: [i2c_smbus_linux] Failed to read i2c device PCI device ID
1004  |Info:    Registering I2C interface: /dev/i2c-9 Device 0000:0000 Subsystem: 0000:0000
1004  |Warning: [i2c_smbus_linux] Failed to read i2c device PCI device ID
1004  |Info:    Registering I2C interface: /dev/i2c-16 Device 0000:0000 Subsystem: 0000:0000
1004  |Info:    Registering I2C interface: /dev/i2c-7 Device 1002:73FF Subsystem: 1EAE:6505
1004  |Info:    Registering I2C interface: /dev/i2c-14 Device 1002:164E Subsystem: 1458:D000
1004  |Info:    Registering I2C interface: /dev/i2c-5 Device 1002:73FF Subsystem: 1EAE:6505
1004  |Info:    Registering I2C interface: /dev/i2c-12 Device 1002:164E Subsystem: 1458:D000
1004  |Info:    ------------------------------------------------------
1004  |Info:    |               Detecting I2C devices                |
1004  |Info:    ------------------------------------------------------
1035  |Info:    ------------------------------------------------------
1035  |Info:    |               Detecting I2C PCI devices            |
1035  |Info:    ------------------------------------------------------
1036  |Info:    ------------------------------------------------------
1036  |Info:    |               Detecting HID devices                |
1036  |Info:    ------------------------------------------------------
1214  |Info:    [B650 AORUS ELITE AX ICE] Registering RGB controller
1214  |Info:    ------------------------------------------------------
1214  |Info:    |            Detecting libusb HID devices            |
1214  |Info:    ------------------------------------------------------
1239  |Info:    ------------------------------------------------------
1239  |Info:    |              Detecting other devices               |
1239  |Info:    ------------------------------------------------------
1244  |Info:    ------------------------------------------------------
1244  |Info:    |                Detection completed                 |
1244  |Info:    ------------------------------------------------------
