    OpenRGB v0.9
    Commit:  from 
    Launched: 20240219_223212
====================================================================================================

0     |Info:    Found file: blanco.orp attempting to validate header
0     |Info:    Valid v4 profile found for blanco
0     |Info:    Found file: amarillito.orp attempting to validate header
0     |Info:    Valid v4 profile found for amarillito
0     |Info:    Found file: naranjito.orp attempting to validate header
0     |Info:    Valid v4 profile found for naranjito
1002  |Info:    ------------------------------------------------------
1002  |Info:    |               Start device detection               |
1002  |Info:    ------------------------------------------------------
1002  |Info:    Initializing HID interfaces: Success
1008  |Info:    ------------------------------------------------------
1008  |Info:    |             Detecting I2C interfaces               |
1008  |Info:    ------------------------------------------------------
1008  |Info:    Registering I2C interface: /dev/i2c-3 Device 1022:790B Subsystem: 1458:5001
1008  |Warning: [i2c_smbus_linux] Failed to read i2c device PCI device ID
1008  |Info:    Registering I2C interface: /dev/i2c-20 Device 0000:0000 Subsystem: 0000:0000
1008  |Info:    Registering I2C interface: /dev/i2c-10 Device 1002:73FF Subsystem: 1EAE:6505
1008  |Info:    Registering I2C interface: /dev/i2c-1 Device 0000:0000 Subsystem: 0000:0000
1008  |Warning: [i2c_smbus_linux] Failed to read i2c device PCI device ID
1008  |Info:    Registering I2C interface: /dev/i2c-19 Device 0000:0000 Subsystem: 0000:0000
1008  |Info:    Registering I2C interface: /dev/i2c-17 Device 1002:164E Subsystem: 1458:D000
1008  |Info:    Registering I2C interface: /dev/i2c-8 Device 1002:73FF Subsystem: 1EAE:6505
1008  |Info:    Registering I2C interface: /dev/i2c-15 Device 1002:164E Subsystem: 1458:D000
1008  |Info:    Registering I2C interface: /dev/i2c-6 Device 1002:73FF Subsystem: 1EAE:6505
1008  |Warning: [i2c_smbus_linux] Failed to read i2c device PCI device ID
1008  |Info:    Registering I2C interface: /dev/i2c-13 Device 0000:0000 Subsystem: 0000:0000
1009  |Info:    Registering I2C interface: /dev/i2c-4 Device 1022:790B Subsystem: 1458:5001
1009  |Warning: [i2c_smbus_linux] Failed to read i2c device PCI device ID
1009  |Info:    Registering I2C interface: /dev/i2c-11 Device 0000:0000 Subsystem: 0000:0000
1009  |Info:    Registering I2C interface: /dev/i2c-2 Device 1022:790B Subsystem: 1458:5001
1009  |Info:    Registering I2C interface: /dev/i2c-0 Device 0000:0000 Subsystem: 0000:0000
1009  |Warning: [i2c_smbus_linux] Failed to read i2c device PCI device ID
1009  |Info:    Registering I2C interface: /dev/i2c-18 Device 0000:0000 Subsystem: 0000:0000
1009  |Info:    Registering I2C interface: /dev/i2c-9 Device 1002:73FF Subsystem: 1EAE:6505
1009  |Info:    Registering I2C interface: /dev/i2c-16 Device 1002:164E Subsystem: 1458:D000
1009  |Info:    Registering I2C interface: /dev/i2c-7 Device 1002:73FF Subsystem: 1EAE:6505
1009  |Info:    Registering I2C interface: /dev/i2c-14 Device 1002:164E Subsystem: 1458:D000
1009  |Info:    Registering I2C interface: /dev/i2c-5 Device 1002:73FF Subsystem: 1EAE:6505
1009  |Warning: [i2c_smbus_linux] Failed to read i2c device PCI device ID
1009  |Info:    Registering I2C interface: /dev/i2c-12 Device 0000:0000 Subsystem: 0000:0000
1009  |Info:    ------------------------------------------------------
1009  |Info:    |               Detecting I2C devices                |
1009  |Info:    ------------------------------------------------------
1988  |Info:    [Corsair Dominator Platinum] Registering RGB controller
2011  |Info:    [Corsair Dominator Platinum] Registering RGB controller
2064  |Info:    ------------------------------------------------------
2064  |Info:    |               Detecting I2C PCI devices            |
2064  |Info:    ------------------------------------------------------
2064  |Info:    ------------------------------------------------------
2064  |Info:    |               Detecting HID devices                |
2064  |Info:    ------------------------------------------------------
2242  |Info:    [B650 AORUS ELITE AX ICE] Registering RGB controller
2297  |Info:    [Lian Li Uni Hub - SL V2] Registering RGB controller
2297  |Info:    ------------------------------------------------------
2297  |Info:    |            Detecting libusb HID devices            |
2297  |Info:    ------------------------------------------------------
2334  |Info:    ------------------------------------------------------
2334  |Info:    |              Detecting other devices               |
2334  |Info:    ------------------------------------------------------
2340  |Info:    ------------------------------------------------------
2340  |Info:    |                Detection completed                 |
2340  |Info:    ------------------------------------------------------
9124  |Info:    Profile loading: FAILED! for Corsair Dominator Platinum @ I2C: /dev/i2c-2, address 0x19
9124  |Info:    Profile loading: FAILED! for Corsair Dominator Platinum @ I2C: /dev/i2c-2, address 0x1B
9124  |Info:    Profile loading: Succeeded for B650 AORUS ELITE AX ICE @ HID: /dev/hidraw7
9124  |Info:    Profile loading: Succeeded for Lian Li Uni Hub - SL V2 @ HID: /dev/hidraw8
71185 |Info:    Profile loading: FAILED! for Corsair Dominator Platinum @ I2C: /dev/i2c-2, address 0x19
71185 |Info:    Profile loading: FAILED! for Corsair Dominator Platinum @ I2C: /dev/i2c-2, address 0x1B
71185 |Info:    Profile loading: Succeeded for B650 AORUS ELITE AX ICE @ HID: /dev/hidraw7
71185 |Info:    Profile loading: FAILED! for Lian Li Uni Hub - SL V2 @ HID: /dev/hidraw8
77323 |Info:    Profile loading: FAILED! for Corsair Dominator Platinum @ I2C: /dev/i2c-2, address 0x19
77323 |Info:    Profile loading: FAILED! for Corsair Dominator Platinum @ I2C: /dev/i2c-2, address 0x1B
77323 |Info:    Profile loading: Succeeded for B650 AORUS ELITE AX ICE @ HID: /dev/hidraw7
77323 |Info:    Profile loading: Succeeded for Lian Li Uni Hub - SL V2 @ HID: /dev/hidraw8
231033|Info:    Found file: blanco.orp attempting to validate header
231033|Info:    Valid v4 profile found for blanco
231033|Info:    Found file: amarillito.orp attempting to validate header
231033|Info:    Valid v4 profile found for amarillito
231033|Info:    Found file: naranjito.orp attempting to validate header
231033|Info:    Valid v4 profile found for naranjito
234937|Info:    Found file: blanco.orp attempting to validate header
234937|Info:    Valid v4 profile found for blanco
234937|Info:    Found file: amarillito.orp attempting to validate header
234937|Info:    Valid v4 profile found for amarillito
234937|Info:    Found file: naranjito.orp attempting to validate header
234937|Info:    Valid v4 profile found for naranjito
248765|Info:    Found file: blanco.orp attempting to validate header
248765|Info:    Valid v4 profile found for blanco
248765|Info:    Found file: amarillito.orp attempting to validate header
248765|Info:    Valid v4 profile found for amarillito
248765|Info:    Found file: naranjito.orp attempting to validate header
248765|Info:    Valid v4 profile found for naranjito
252351|Info:    Found file: blanco.orp attempting to validate header
252351|Info:    Valid v4 profile found for blanco
252351|Info:    Found file: amarillito.orp attempting to validate header
252351|Info:    Valid v4 profile found for amarillito
252351|Info:    Found file: naranjito.orp attempting to validate header
252351|Info:    Valid v4 profile found for naranjito
257205|Info:    Profile loading: FAILED! for Corsair Dominator Platinum @ I2C: /dev/i2c-2, address 0x19
257205|Info:    Profile loading: FAILED! for Corsair Dominator Platinum @ I2C: /dev/i2c-2, address 0x1B
257205|Info:    Profile loading: Succeeded for B650 AORUS ELITE AX ICE @ HID: /dev/hidraw7
257205|Info:    Profile loading: FAILED! for Lian Li Uni Hub - SL V2 @ HID: /dev/hidraw8
258639|Info:    Profile loading: FAILED! for Corsair Dominator Platinum @ I2C: /dev/i2c-2, address 0x19
258639|Info:    Profile loading: FAILED! for Corsair Dominator Platinum @ I2C: /dev/i2c-2, address 0x1B
258639|Info:    Profile loading: Succeeded for B650 AORUS ELITE AX ICE @ HID: /dev/hidraw7
258639|Info:    Profile loading: FAILED! for Lian Li Uni Hub - SL V2 @ HID: /dev/hidraw8
