    OpenRGB v0.9
    Commit:  from 
    Launched: 20240229_191101
====================================================================================================

0     |Info:    Found file: blanco.orp attempting to validate header
0     |Info:    Valid v4 profile found for blanco
0     |Info:    Found file: amarillito.orp attempting to validate header
0     |Info:    Valid v4 profile found for amarillito
0     |Info:    Found file: apagap.orp attempting to validate header
0     |Info:    Valid v4 profile found for apagap
0     |Info:    Found file: naranjito.orp attempting to validate header
0     |Info:    Valid v4 profile found for naranjito
1001  |Info:    ------------------------------------------------------
1001  |Info:    |               Start device detection               |
1001  |Info:    ------------------------------------------------------
1001  |Info:    Initializing HID interfaces: Success
1006  |Info:    ------------------------------------------------------
1006  |Info:    |             Detecting I2C interfaces               |
1006  |Info:    ------------------------------------------------------
1007  |Info:    Registering I2C interface: /dev/i2c-3 Device 1022:790B Subsystem: 1458:5001
1007  |Warning: [i2c_smbus_linux] Failed to read i2c device PCI device ID
1007  |Info:    Registering I2C interface: /dev/i2c-20 Device 0000:0000 Subsystem: 0000:0000
1007  |Info:    Registering I2C interface: /dev/i2c-10 Device 1002:73FF Subsystem: 1EAE:6505
1007  |Info:    Registering I2C interface: /dev/i2c-1 Device 0000:0000 Subsystem: 0000:0000
1007  |Warning: [i2c_smbus_linux] Failed to read i2c device PCI device ID
1007  |Info:    Registering I2C interface: /dev/i2c-19 Device 0000:0000 Subsystem: 0000:0000
1007  |Info:    Registering I2C interface: /dev/i2c-17 Device 1002:164E Subsystem: 1458:D000
1007  |Info:    Registering I2C interface: /dev/i2c-8 Device 1002:73FF Subsystem: 1EAE:6505
1007  |Info:    Registering I2C interface: /dev/i2c-15 Device 1002:164E Subsystem: 1458:D000
1007  |Info:    Registering I2C interface: /dev/i2c-6 Device 1002:73FF Subsystem: 1EAE:6505
1007  |Warning: [i2c_smbus_linux] Failed to read i2c device PCI device ID
1007  |Info:    Registering I2C interface: /dev/i2c-13 Device 0000:0000 Subsystem: 0000:0000
1007  |Info:    Registering I2C interface: /dev/i2c-4 Device 1022:790B Subsystem: 1458:5001
1007  |Warning: [i2c_smbus_linux] Failed to read i2c device PCI device ID
1007  |Info:    Registering I2C interface: /dev/i2c-11 Device 0000:0000 Subsystem: 0000:0000
1007  |Info:    Registering I2C interface: /dev/i2c-2 Device 1022:790B Subsystem: 1458:5001
1008  |Info:    Registering I2C interface: /dev/i2c-0 Device 0000:0000 Subsystem: 0000:0000
1008  |Warning: [i2c_smbus_linux] Failed to read i2c device PCI device ID
1008  |Info:    Registering I2C interface: /dev/i2c-18 Device 0000:0000 Subsystem: 0000:0000
1008  |Info:    Registering I2C interface: /dev/i2c-9 Device 1002:73FF Subsystem: 1EAE:6505
1008  |Info:    Registering I2C interface: /dev/i2c-16 Device 1002:164E Subsystem: 1458:D000
1008  |Info:    Registering I2C interface: /dev/i2c-7 Device 1002:73FF Subsystem: 1EAE:6505
1008  |Info:    Registering I2C interface: /dev/i2c-14 Device 1002:164E Subsystem: 1458:D000
1008  |Info:    Registering I2C interface: /dev/i2c-5 Device 1002:73FF Subsystem: 1EAE:6505
1008  |Warning: [i2c_smbus_linux] Failed to read i2c device PCI device ID
1008  |Info:    Registering I2C interface: /dev/i2c-12 Device 0000:0000 Subsystem: 0000:0000
1008  |Info:    ------------------------------------------------------
1008  |Info:    |               Detecting I2C devices                |
1008  |Info:    ------------------------------------------------------
1973  |Info:    [Corsair Dominator Platinum] Registering RGB controller
1996  |Info:    [Corsair Dominator Platinum] Registering RGB controller
2048  |Info:    ------------------------------------------------------
2048  |Info:    |               Detecting I2C PCI devices            |
2048  |Info:    ------------------------------------------------------
2049  |Info:    ------------------------------------------------------
2049  |Info:    |               Detecting HID devices                |
2049  |Info:    ------------------------------------------------------
2049  |Info:    [Sony DualSense] Registering RGB controller
2227  |Info:    [B650 AORUS ELITE AX ICE] Registering RGB controller
2282  |Info:    [Lian Li Uni Hub - SL V2] Registering RGB controller
2282  |Info:    ------------------------------------------------------
2282  |Info:    |            Detecting libusb HID devices            |
2282  |Info:    ------------------------------------------------------
2332  |Info:    ------------------------------------------------------
2332  |Info:    |              Detecting other devices               |
2332  |Info:    ------------------------------------------------------
2339  |Info:    ------------------------------------------------------
2339  |Info:    |                Detection completed                 |
2339  |Info:    ------------------------------------------------------
3916  |Info:    Profile loading: Succeeded for Corsair Dominator Platinum @ I2C: /dev/i2c-2, address 0x19
3916  |Info:    Profile loading: Succeeded for Corsair Dominator Platinum @ I2C: /dev/i2c-2, address 0x1B
3916  |Info:    Profile loading: FAILED! for Sony DualSense @ HID: /dev/hidraw7
3916  |Info:    Profile loading: Succeeded for B650 AORUS ELITE AX ICE @ HID: /dev/hidraw6
3916  |Info:    Profile loading: Succeeded for Lian Li Uni Hub - SL V2 @ HID: /dev/hidraw1
